e:\radmin\samp-plugin-lua-master\lua_samp\debug\vc142.pdb
e:\radmin\samp-plugin-lua-master\lua_samp\debug\vc142.idb
e:\radmin\samp-plugin-lua-master\lua_samp\debug\luamain.obj
e:\radmin\samp-plugin-lua-master\lua_samp\debug\tinyxml2.obj
e:\radmin\samp-plugin-lua-master\lua_samp\debug\amxplugin.obj
e:\radmin\samp-plugin-lua-master\lua_samp\debug\cutility.obj
e:\radmin\samp-plugin-lua-master\lua_samp\debug\ctimer.obj
e:\radmin\samp-plugin-lua-master\lua_samp\debug\cserverconfig.obj
e:\radmin\samp-plugin-lua-master\lua_samp\debug\csampcallbacks.obj
e:\radmin\samp-plugin-lua-master\lua_samp\debug\cresourcemanager.obj
e:\radmin\samp-plugin-lua-master\lua_samp\debug\cluamodule.obj
e:\radmin\samp-plugin-lua-master\lua_samp\debug\cluamanager.obj
e:\radmin\samp-plugin-lua-master\lua_samp\debug\cluafunctions.obj
e:\radmin\samp-plugin-lua-master\lua_samp\debug\cluaarguments.obj
e:\radmin\samp-plugin-lua-master\lua_samp\debug\cluaargument.obj
e:\radmin\samp-plugin-lua-master\lua_samp\debug\ccore.obj
e:\radmin\samp-plugin-lua-master\lua_samp\debug\cargumentreader.obj
e:\radmin\samp-plugin-lua-master\lua_samp\debug\lobject.obj
e:\radmin\samp-plugin-lua-master\lua_samp\debug\loadlib.obj
e:\radmin\samp-plugin-lua-master\lua_samp\debug\lmem.obj
e:\radmin\samp-plugin-lua-master\lua_samp\debug\lmathlib.obj
e:\radmin\samp-plugin-lua-master\lua_samp\debug\llex.obj
e:\radmin\samp-plugin-lua-master\lua_samp\debug\liolib.obj
e:\radmin\samp-plugin-lua-master\lua_samp\debug\linit.obj
e:\radmin\samp-plugin-lua-master\lua_samp\debug\lgc.obj
e:\radmin\samp-plugin-lua-master\lua_samp\debug\lfunc.obj
e:\radmin\samp-plugin-lua-master\lua_samp\debug\ldump.obj
e:\radmin\samp-plugin-lua-master\lua_samp\debug\ldo.obj
e:\radmin\samp-plugin-lua-master\lua_samp\debug\ldebug.obj
e:\radmin\samp-plugin-lua-master\lua_samp\debug\ldblib.obj
e:\radmin\samp-plugin-lua-master\lua_samp\debug\lctype.obj
e:\radmin\samp-plugin-lua-master\lua_samp\debug\lcorolib.obj
e:\radmin\samp-plugin-lua-master\lua_samp\debug\lcode.obj
e:\radmin\samp-plugin-lua-master\lua_samp\debug\lbitlib.obj
e:\radmin\samp-plugin-lua-master\lua_samp\debug\lbaselib.obj
e:\radmin\samp-plugin-lua-master\lua_samp\debug\lauxlib.obj
e:\radmin\samp-plugin-lua-master\lua_samp\debug\lapi.obj
e:\radmin\samp-plugin-lua-master\lua_samp\debug\sampgdk.obj
e:\radmin\samp-plugin-lua-master\lua_samp\debug\lzio.obj
e:\radmin\samp-plugin-lua-master\lua_samp\debug\lvm.obj
e:\radmin\samp-plugin-lua-master\lua_samp\debug\lutf8lib.obj
e:\radmin\samp-plugin-lua-master\lua_samp\debug\lundump.obj
e:\radmin\samp-plugin-lua-master\lua_samp\debug\ltm.obj
e:\radmin\samp-plugin-lua-master\lua_samp\debug\ltablib.obj
e:\radmin\samp-plugin-lua-master\lua_samp\debug\ltable.obj
e:\radmin\samp-plugin-lua-master\lua_samp\debug\lstrlib.obj
e:\radmin\samp-plugin-lua-master\lua_samp\debug\lstring.obj
e:\radmin\samp-plugin-lua-master\lua_samp\debug\lstate.obj
e:\radmin\samp-plugin-lua-master\lua_samp\debug\lparser.obj
e:\radmin\samp-plugin-lua-master\lua_samp\debug\loslib.obj
e:\radmin\samp-plugin-lua-master\lua_samp\debug\lopcodes.obj
e:\radmin\samp-plugin-lua-master\debug\lua_samp.dll
e:\radmin\samp-plugin-lua-master\debug\lua_samp.ilk
e:\radmin\samp-plugin-lua-master\debug\lua_samp.pdb
e:\radmin\samp-plugin-lua-master\debug\lua_samp.lib
e:\radmin\samp-plugin-lua-master\debug\lua_samp.exp
e:\radmin\samp-plugin-lua-master\lua_samp\debug\lua_samp.tlog\cl.command.1.tlog
e:\radmin\samp-plugin-lua-master\lua_samp\debug\lua_samp.tlog\cl.read.1.tlog
e:\radmin\samp-plugin-lua-master\lua_samp\debug\lua_samp.tlog\cl.write.1.tlog
e:\radmin\samp-plugin-lua-master\lua_samp\debug\lua_samp.tlog\link.command.1.tlog
e:\radmin\samp-plugin-lua-master\lua_samp\debug\lua_samp.tlog\link.read.1.tlog
e:\radmin\samp-plugin-lua-master\lua_samp\debug\lua_samp.tlog\link.write.1.tlog
e:\radmin\samp-plugin-lua-master\lua_samp\debug\lua_samp.tlog\lua_samp.write.1u.tlog
