  CArgumentReader.cpp
  CCore.cpp
  CLuaArgument.cpp
  CLuaArguments.cpp
  CLuaFunctions.cpp
  CLuaManager.cpp
  CLuaModule.cpp
  CResourceManager.cpp
  CSampCallbacks.cpp
  CServerConfig.cpp
  CTimer.cpp
  CUtility.cpp
  amxplugin.cpp
  tinyxml2.cpp
  LuaMain.cpp
  lapi.c
  lauxlib.c
  lbaselib.c
  lbitlib.c
  lcode.c
  lcorolib.c
  lctype.c
  ldblib.c
  ldebug.c
  ldo.c
  ldump.c
  lfunc.c
  lgc.c
  linit.c
  liolib.c
  llex.c
  lmathlib.c
  lmem.c
  loadlib.c
  lobject.c
  Compilando...
  lopcodes.c
  loslib.c
  lparser.c
  lstate.c
  lstring.c
  lstrlib.c
  ltable.c
  ltablib.c
  ltm.c
  lundump.c
  lutf8lib.c
  lvm.c
  lzio.c
  sampgdk.c
     Criando biblioteca E:\RADMIN\samp-plugin-lua-master\Release\lua_samp.lib e objeto E:\RADMIN\samp-plugin-lua-master\Release\lua_samp.exp
  Gerando código
  Previous IPDB not found, fall back to full compilation.
  All 3428 functions were compiled because no usable IPDB/IOBJ from previous compilation was found.
  Finalizada a geração de código
  lua_samp.vcxproj -> E:\RADMIN\samp-plugin-lua-master\Release\lua_samp.dll
